#
# A fatal error has been detected by the Java Runtime Environment:
#
#  EXCEPTION_STACK_OVERFLOW (0xc00000fd) at pc=0x0000000055de3e27, pid=5376, tid=0x0000000000000f70
#
# JRE version: Java(TM) SE Runtime Environment (8.0_152-b16) (build 1.8.0_152-b16)
# Java VM: Java HotSpot(TM) 64-Bit Server VM (25.152-b16 mixed mode windows-amd64 compressed oops)
# Problematic frame:
# V  [jvm.dll+0x213e27]
#
# Failed to write core dump. Minidumps are not enabled by default on client versions of Windows
#
# If you would like to submit a bug report, please visit:
#   http://bugreport.java.com/bugreport/crash.jsp
#

---------------  T H R E A D  ---------------

Current thread (0x0000000018996800):  JavaThread "JMX server connection timeout 63" daemon [_thread_in_vm, id=3952, stack(0x000000001e030000,0x000000001e130000)]

siginfo: ExceptionCode=0xc00000fd, ExceptionInformation=0x0000000000000001 0x000000001e12b7c0 

Registers:
RAX=0x000000001e12b7c0, RBX=0x0000000000000005, RCX=0x0000000000004000, RDX=0x0000000000000006
RSP=0x000000001e12f7c0, RBP=0x0000000000000000, RSI=0x000000001e12f7c0, RDI=0x0000000000000005
R8 =0x0000000000000006, R9 =0x000000001ad8c630, R10=0x000000001604d4c0, R11=0x000000001e03a148
R12=0x000000001ad8c630, R13=0x0000000018996800, R14=0x000000001e12f888, R15=0x000000001604d4c0
RIP=0x0000000055de3e27, EFLAGS=0x0000000000010206

Top of Stack: (sp=0x000000001e12f7c0)
0x000000001e12f7c0:   00009e949eb05088 00000001000069a0
0x000000001e12f7d0:   0000000018996800 000000001ad8c630
0x000000001e12f7e0:   00000000ffffffff 0000000055de4d57
0x000000001e12f7f0:   000000001e12f8f0 000000001604d4c0
0x000000001e12f800:   0000000018996800 0000000055c90693
0x000000001e12f810:   000000001e12f850 0000000018996800
0x000000001e12f820:   000000001e12f8e0 0000000018996800
0x000000001e12f830:   000000001604d4c0 0000000018996800
0x000000001e12f840:   0000000003153200 0000000018996800
0x000000001e12f850:   000000001604d4c0 0000000018996800
0x000000001e12f860:   000000001604d4c0 0000000018996800
0x000000001e12f870:   0000000000000001 000000001604d4c0
0x000000001e12f880:   0000000018996800 0000000018653910
0x000000001e12f890:   0000000018996800 0000000055c91dfd
0x000000001e12f8a0:   000000001e12fba8 00000001000069a0
0x000000001e12f8b0:   00000001000069a0 0000000000000000 

Instructions: (pc=0x0000000055de3e27)
0x0000000055de3e07:   48 89 6c 24 30 33 ed 66 90 e8 4b 42 08 00 ff c3
0x0000000055de3e17:   48 63 c8 48 8b c6 48 0f af cf 48 ff c7 48 2b c1
0x0000000055de3e27:   89 28 48 63 c3 48 3b 05 a5 68 59 00 7e db 48 8b
0x0000000055de3e37:   6c 24 30 48 8b 5c 24 38 48 8b 74 24 40 48 83 c4 


Register to memory mapping:

RAX=0x000000001e12b7c0 is pointing into the stack for thread: 0x0000000018996800
RBX=0x0000000000000005 is an unknown value
RCX=0x0000000000004000 is an unknown value
RDX=0x0000000000000006 is an unknown value
RSP=0x000000001e12f7c0 is pointing into the stack for thread: 0x0000000018996800
RBP=0x0000000000000000 is an unknown value
RSI=0x000000001e12f7c0 is pointing into the stack for thread: 0x0000000018996800
RDI=0x0000000000000005 is an unknown value
R8 =0x0000000000000006 is an unknown value
R9 =0x000000001ad8c630 is an unknown value
R10={method} {0x000000001604d4c8} 'run' '()V' in 'java/lang/Thread'
R11=0x000000001e03a148 is pointing into the stack for thread: 0x0000000018996800
R12=0x000000001ad8c630 is an unknown value
R13=0x0000000018996800 is a thread
R14=0x000000001e12f888 is pointing into the stack for thread: 0x0000000018996800
R15={method} {0x000000001604d4c8} 'run' '()V' in 'java/lang/Thread'


Stack: [0x000000001e030000,0x000000001e130000],  sp=0x000000001e12f7c0,  free space=1021k
Native frames: (J=compiled Java code, j=interpreted, Vv=VM code, C=native code)


---------------  P R O C E S S  ---------------

Java Threads: ( => current thread )
=>0x0000000018996800 JavaThread "JMX server connection timeout 63" daemon [_thread_in_vm, id=3952, stack(0x000000001e030000,0x000000001e130000)]
  0x000000001899b800 JavaThread "RMI TCP Connection(5)-127.0.0.1" daemon [_thread_in_native, id=13936, stack(0x000000001df30000,0x000000001e030000)]
  0x0000000018995800 JavaThread "container-0" [_thread_blocked, id=3508, stack(0x000000001d730000,0x000000001d830000)]
  0x000000001899a000 JavaThread "ContainerBackgroundProcessor[StandardEngine[Tomcat]]" daemon [_thread_blocked, id=13968, stack(0x000000001d630000,0x000000001d730000)]
  0x0000000018995000 JavaThread "localhost-startStop-1" daemon [_thread_blocked, id=13640, stack(0x000000001d430000,0x000000001d530000)]
  0x0000000018998800 JavaThread "Tomcat-startStop-1" daemon [_thread_blocked, id=8924, stack(0x000000001d330000,0x000000001d430000)]
  0x0000000018998000 JavaThread "RMI TCP Connection(3)-127.0.0.1" daemon [_thread_in_native, id=13852, stack(0x000000001cc30000,0x000000001cd30000)]
  0x0000000018989000 JavaThread "RMI TCP Connection(4)-127.0.0.1" daemon [_thread_in_native, id=12952, stack(0x0000000019c20000,0x0000000019d20000)]
  0x00000000188d2800 JavaThread "RMI Scheduler(0)" daemon [_thread_blocked, id=12296, stack(0x0000000019b20000,0x0000000019c20000)]
  0x00000000188d2000 JavaThread "RMI TCP Connection(1)-127.0.0.1" daemon [_thread_in_native, id=2968, stack(0x0000000019a20000,0x0000000019b20000)]
  0x000000001802f800 JavaThread "RMI TCP Accept-0" daemon [_thread_in_native, id=12432, stack(0x0000000019820000,0x0000000019920000)]
  0x0000000018840000 JavaThread "RMI TCP Accept-60901" daemon [_thread_in_native, id=8072, stack(0x0000000019720000,0x0000000019820000)]
  0x0000000018841000 JavaThread "RMI TCP Accept-0" daemon [_thread_in_native, id=10948, stack(0x0000000019210000,0x0000000019310000)]
  0x00000000185db800 JavaThread "Service Thread" daemon [_thread_blocked, id=9856, stack(0x0000000019110000,0x0000000019210000)]
  0x0000000018404000 JavaThread "C1 CompilerThread2" daemon [_thread_blocked, id=9696, stack(0x0000000019010000,0x0000000019110000)]
  0x0000000018554000 JavaThread "C2 CompilerThread1" daemon [_thread_blocked, id=13416, stack(0x0000000018f10000,0x0000000019010000)]
  0x0000000018553000 JavaThread "C2 CompilerThread0" daemon [_thread_blocked, id=3716, stack(0x0000000018e10000,0x0000000018f10000)]
  0x0000000018540800 JavaThread "Monitor Ctrl-Break" daemon [_thread_in_native, id=1820, stack(0x0000000018d10000,0x0000000018e10000)]
  0x00000000183b2000 JavaThread "Thread-0" daemon [_thread_blocked, id=1672, stack(0x0000000018410000,0x0000000018510000)]
  0x00000000169cc800 JavaThread "Attach Listener" daemon [_thread_blocked, id=10060, stack(0x0000000017f10000,0x0000000018010000)]
  0x0000000016a1e800 JavaThread "Signal Dispatcher" daemon [_thread_blocked, id=14140, stack(0x0000000017e10000,0x0000000017f10000)]
  0x00000000169b0800 JavaThread "Finalizer" daemon [_thread_blocked, id=11628, stack(0x0000000017c20000,0x0000000017d20000)]
  0x0000000002f77800 JavaThread "Reference Handler" daemon [_thread_blocked, id=13980, stack(0x0000000017b20000,0x0000000017c20000)]
  0x0000000002e84000 JavaThread "main" [_thread_blocked, id=13084, stack(0x0000000002d80000,0x0000000002e80000)]

Other Threads:
  0x0000000016986800 VMThread [stack: 0x0000000017a20000,0x0000000017b20000] [id=10584]
  0x0000000018885800 WatcherThread [stack: 0x0000000019920000,0x0000000019a20000] [id=14300]

VM state:synchronizing (normal execution)

VM Mutex/Monitor currently owned by a thread:  ([mutex/lock_event])
[0x0000000002e80850] Threads_lock - owner thread: 0x0000000016986800
[0x0000000002e82160] Heap_lock - owner thread: 0x0000000002e84000

Heap:
 PSYoungGen      total 160768K, used 121736K [0x00000000e0980000, 0x00000000eaf00000, 0x0000000100000000)
  eden space 152064K, 77% used [0x00000000e0980000,0x00000000e7cbe858,0x00000000e9e00000)
  from space 8704K, 42% used [0x00000000e9e00000,0x00000000ea1a3820,0x00000000ea680000)
  to   space 6656K, 0% used [0x00000000ea880000,0x00000000ea880000,0x00000000eaf00000)
 ParOldGen       total 46080K, used 36049K [0x00000000a1c00000, 0x00000000a4900000, 0x00000000e0980000)
  object space 46080K, 78% used [0x00000000a1c00000,0x00000000a3f34778,0x00000000a4900000)
 Metaspace       used 37097K, capacity 38710K, committed 38784K, reserved 1089536K
  class space    used 5153K, capacity 5474K, committed 5504K, reserved 1048576K

Card table byte_map: [0x0000000012500000,0x0000000012800000] byte_map_base: 0x0000000011ff2000

Marking Bits: (ParMarkBitMap*) 0x00000000563f0860
 Begin Bits: [0x0000000012e00000, 0x0000000014590000)
 End Bits:   [0x0000000014590000, 0x0000000015d20000)

Polling page: 0x0000000002bc0000

CodeCache: size=245760Kb used=7503Kb max_used=7503Kb free=238256Kb
 bounds [0x0000000003140000, 0x00000000038a0000, 0x0000000012140000]
 total_blobs=4143 nmethods=3700 adapters=354
 compilation: enabled

Compilation events (10 events):
Event: 22.083 Thread 0x0000000018404000 3746       1       org.hibernate.cfg.AccessType::getType (5 bytes)
Event: 22.083 Thread 0x0000000018404000 nmethod 3746 0x000000000388e050 code [0x000000000388e1a0, 0x000000000388e2b0]
Event: 22.083 Thread 0x0000000018404000 3747       1       org.hibernate.cfg.Ejb3Column::getMappingColumn (5 bytes)
Event: 22.083 Thread 0x0000000018404000 nmethod 3747 0x000000000388e310 code [0x000000000388e460, 0x000000000388e570]
Event: 22.083 Thread 0x0000000018404000 3748       1       org.hibernate.internal.util.StringHelper::isNotEmpty (17 bytes)
Event: 22.083 Thread 0x0000000018404000 nmethod 3748 0x000000000388e5d0 code [0x000000000388e720, 0x000000000388e850]
Event: 22.083 Thread 0x0000000018404000 3749       1       java.lang.Character::isLowerCase (5 bytes)
Event: 22.083 Thread 0x0000000018404000 nmethod 3749 0x000000000388e910 code [0x000000000388eaa0, 0x000000000388ec58]
Event: 22.083 Thread 0x0000000018404000 3750       1       java.lang.Character::isLowerCase (25 bytes)
Event: 22.084 Thread 0x0000000018404000 nmethod 3750 0x000000000388ed50 code [0x000000000388eee0, 0x000000000388f098]

GC Heap History (10 events):
Event: 16.193 GC heap before
{Heap before GC invocations=33 (full 2):
 PSYoungGen      total 144896K, used 3763K [0x00000000e0980000, 0x00000000e9e80000, 0x0000000100000000)
  eden space 137216K, 0% used [0x00000000e0980000,0x00000000e0980000,0x00000000e8f80000)
  from space 7680K, 48% used [0x00000000e8f80000,0x00000000e932cc70,0x00000000e9700000)
  to   space 5632K, 0% used [0x00000000e9900000,0x00000000e9900000,0x00000000e9e80000)
 ParOldGen       total 46080K, used 29655K [0x00000000a1c00000, 0x00000000a4900000, 0x00000000e0980000)
  object space 46080K, 64% used [0x00000000a1c00000,0x00000000a38f5f10,0x00000000a4900000)
 Metaspace       used 26824K, capacity 27966K, committed 28032K, reserved 1079296K
  class space    used 3664K, capacity 3950K, committed 3968K, reserved 1048576K
Event: 16.279 GC heap after
Heap after GC invocations=33 (full 2):
 PSYoungGen      total 144896K, used 0K [0x00000000e0980000, 0x00000000e9e80000, 0x0000000100000000)
  eden space 137216K, 0% used [0x00000000e0980000,0x00000000e0980000,0x00000000e8f80000)
  from space 7680K, 0% used [0x00000000e8f80000,0x00000000e8f80000,0x00000000e9700000)
  to   space 5632K, 0% used [0x00000000e9900000,0x00000000e9900000,0x00000000e9e80000)
 ParOldGen       total 46080K, used 28631K [0x00000000a1c00000, 0x00000000a4900000, 0x00000000e0980000)
  object space 46080K, 62% used [0x00000000a1c00000,0x00000000a37f5d28,0x00000000a4900000)
 Metaspace       used 26824K, capacity 27966K, committed 28032K, reserved 1077248K
  class space    used 3664K, capacity 3950K, committed 3968K, reserved 1048576K
}
Event: 17.523 GC heap before
{Heap before GC invocations=34 (full 2):
 PSYoungGen      total 144896K, used 137216K [0x00000000e0980000, 0x00000000e9e80000, 0x0000000100000000)
  eden space 137216K, 100% used [0x00000000e0980000,0x00000000e8f80000,0x00000000e8f80000)
  from space 7680K, 0% used [0x00000000e8f80000,0x00000000e8f80000,0x00000000e9700000)
  to   space 5632K, 0% used [0x00000000e9900000,0x00000000e9900000,0x00000000e9e80000)
 ParOldGen       total 46080K, used 28631K [0x00000000a1c00000, 0x00000000a4900000, 0x00000000e0980000)
  object space 46080K, 62% used [0x00000000a1c00000,0x00000000a37f5d28,0x00000000a4900000)
 Metaspace       used 29598K, capacity 31060K, committed 31360K, reserved 1081344K
  class space    used 4060K, capacity 4355K, committed 4480K, reserved 1048576K
Event: 17.528 GC heap after
Heap after GC invocations=34 (full 2):
 PSYoungGen      total 143360K, used 5626K [0x00000000e0980000, 0x00000000eb480000, 0x0000000100000000)
  eden space 137728K, 0% used [0x00000000e0980000,0x00000000e0980000,0x00000000e9000000)
  from space 5632K, 99% used [0x00000000e9900000,0x00000000e9e7ea00,0x00000000e9e80000)
  to   space 9216K, 0% used [0x00000000e9000000,0x00000000e9000000,0x00000000e9900000)
 ParOldGen       total 46080K, used 30466K [0x00000000a1c00000, 0x00000000a4900000, 0x00000000e0980000)
  object space 46080K, 66% used [0x00000000a1c00000,0x00000000a39c0898,0x00000000a4900000)
 Metaspace       used 29598K, capacity 31060K, committed 31360K, reserved 1081344K
  class space    used 4060K, capacity 4355K, committed 4480K, reserved 1048576K
}
Event: 18.463 GC heap before
{Heap before GC invocations=35 (full 2):
 PSYoungGen      total 143360K, used 143354K [0x00000000e0980000, 0x00000000eb480000, 0x0000000100000000)
  eden space 137728K, 100% used [0x00000000e0980000,0x00000000e9000000,0x00000000e9000000)
  from space 5632K, 99% used [0x00000000e9900000,0x00000000e9e7ea00,0x00000000e9e80000)
  to   space 9216K, 0% used [0x00000000e9000000,0x00000000e9000000,0x00000000e9900000)
 ParOldGen       total 46080K, used 30466K [0x00000000a1c00000, 0x00000000a4900000, 0x00000000e0980000)
  object space 46080K, 66% used [0x00000000a1c00000,0x00000000a39c0898,0x00000000a4900000)
 Metaspace       used 31361K, capacity 32986K, committed 33024K, reserved 1083392K
  class space    used 4283K, capacity 4594K, committed 4608K, reserved 1048576K
Event: 18.470 GC heap after
Heap after GC invocations=35 (full 2):
 PSYoungGen      total 146944K, used 3331K [0x00000000e0980000, 0x00000000eb180000, 0x0000000100000000)
  eden space 137728K, 0% used [0x00000000e0980000,0x00000000e0980000,0x00000000e9000000)
  from space 9216K, 36% used [0x00000000e9000000,0x00000000e9340ce0,0x00000000e9900000)
  to   space 9216K, 0% used [0x00000000ea880000,0x00000000ea880000,0x00000000eb180000)
 ParOldGen       total 46080K, used 36033K [0x00000000a1c00000, 0x00000000a4900000, 0x00000000e0980000)
  object space 46080K, 78% used [0x00000000a1c00000,0x00000000a3f30778,0x00000000a4900000)
 Metaspace       used 31361K, capacity 32986K, committed 33024K, reserved 1083392K
  class space    used 4283K, capacity 4594K, committed 4608K, reserved 1048576K
}
Event: 20.080 GC heap before
{Heap before GC invocations=36 (full 2):
 PSYoungGen      total 146944K, used 141059K [0x00000000e0980000, 0x00000000eb180000, 0x0000000100000000)
  eden space 137728K, 100% used [0x00000000e0980000,0x00000000e9000000,0x00000000e9000000)
  from space 9216K, 36% used [0x00000000e9000000,0x00000000e9340ce0,0x00000000e9900000)
  to   space 9216K, 0% used [0x00000000ea880000,0x00000000ea880000,0x00000000eb180000)
 ParOldGen       total 46080K, used 36033K [0x00000000a1c00000, 0x00000000a4900000, 0x00000000e0980000)
  object space 46080K, 78% used [0x00000000a1c00000,0x00000000a3f30778,0x00000000a4900000)
 Metaspace       used 32087K, capacity 33762K, committed 33920K, reserved 1083392K
  class space    used 4377K, capacity 4724K, committed 4736K, reserved 1048576K
Event: 20.084 GC heap after
Heap after GC invocations=36 (full 2):
 PSYoungGen      total 158720K, used 2693K [0x00000000e0980000, 0x00000000eaf00000, 0x0000000100000000)
  eden space 152064K, 0% used [0x00000000e0980000,0x00000000e0980000,0x00000000e9e00000)
  from space 6656K, 40% used [0x00000000ea880000,0x00000000eab217a0,0x00000000eaf00000)
  to   space 8704K, 0% used [0x00000000e9e00000,0x00000000e9e00000,0x00000000ea680000)
 ParOldGen       total 46080K, used 36041K [0x00000000a1c00000, 0x00000000a4900000, 0x00000000e0980000)
  object space 46080K, 78% used [0x00000000a1c00000,0x00000000a3f32778,0x00000000a4900000)
 Metaspace       used 32087K, capacity 33762K, committed 33920K, reserved 1083392K
  class space    used 4377K, capacity 4724K, committed 4736K, reserved 1048576K
}
Event: 20.922 GC heap before
{Heap before GC invocations=37 (full 2):
 PSYoungGen      total 158720K, used 154757K [0x00000000e0980000, 0x00000000eaf00000, 0x0000000100000000)
  eden space 152064K, 100% used [0x00000000e0980000,0x00000000e9e00000,0x00000000e9e00000)
  from space 6656K, 40% used [0x00000000ea880000,0x00000000eab217a0,0x00000000eaf00000)
  to   space 8704K, 0% used [0x00000000e9e00000,0x00000000e9e00000,0x00000000ea680000)
 ParOldGen       total 46080K, used 36041K [0x00000000a1c00000, 0x00000000a4900000, 0x00000000e0980000)
  object space 46080K, 78% used [0x00000000a1c00000,0x00000000a3f32778,0x00000000a4900000)
 Metaspace       used 33671K, capacity 35350K, committed 35456K, reserved 1085440K
  class space    used 4612K, capacity 4952K, committed 4992K, reserved 1048576K
Event: 20.927 GC heap after
Heap after GC invocations=37 (full 2):
 PSYoungGen      total 160768K, used 3726K [0x00000000e0980000, 0x00000000eaf00000, 0x0000000100000000)
  eden space 152064K, 0% used [0x00000000e0980000,0x00000000e0980000,0x00000000e9e00000)
  from space 8704K, 42% used [0x00000000e9e00000,0x00000000ea1a3820,0x00000000ea680000)
  to   space 6656K, 0% used [0x00000000ea880000,0x00000000ea880000,0x00000000eaf00000)
 ParOldGen       total 46080K, used 36049K [0x00000000a1c00000, 0x00000000a4900000, 0x00000000e0980000)
  object space 46080K, 78% used [0x00000000a1c00000,0x00000000a3f34778,0x00000000a4900000)
 Metaspace       used 33671K, capacity 35350K, committed 35456K, reserved 1085440K
  class space    used 4612K, capacity 4952K, committed 4992K, reserved 1048576K
}

Deoptimization events (0 events):
No events

Classes redefined (0 events):
No events

Internal exceptions (10 events):
Event: 20.151 Thread 0x0000000002e84000 Exception <a 'java/lang/ArrayIndexOutOfBoundsException'> (0x00000000e139d340) thrown at [C:\re\workspace\8-2-build-windows-amd64-cygwin\jdk8u152\9742\hotspot\src\share\vm\runtime\sharedRuntime.cpp, line 605]
Event: 20.151 Thread 0x0000000002e84000 Exception <a 'java/lang/ArrayIndexOutOfBoundsException'> (0x00000000e139e478) thrown at [C:\re\workspace\8-2-build-windows-amd64-cygwin\jdk8u152\9742\hotspot\src\share\vm\runtime\sharedRuntime.cpp, line 605]
Event: 20.151 Thread 0x0000000002e84000 Exception <a 'java/lang/ClassNotFoundException': org/springframework/beans/factory/BeanClassLoaderAwareCustomizer> (0x00000000e13bc400) thrown at [C:\re\workspace\8-2-build-windows-amd64-cygwin\jdk8u152\9742\hotspot\src\share\vm\classfile\systemDictionary
Event: 20.151 Thread 0x0000000002e84000 Exception <a 'java/lang/ClassNotFoundException': org/springframework/beans/factory/BeanFactoryAwareCustomizer> (0x00000000e13d6598) thrown at [C:\re\workspace\8-2-build-windows-amd64-cygwin\jdk8u152\9742\hotspot\src\share\vm\classfile\systemDictionary.cpp
Event: 20.151 Thread 0x0000000002e84000 Exception <a 'java/lang/ClassNotFoundException': org/springframework/beans/factory/BeanNameAwareCustomizer> (0x00000000e13ef908) thrown at [C:\re\workspace\8-2-build-windows-amd64-cygwin\jdk8u152\9742\hotspot\src\share\vm\classfile\systemDictionary.cpp, l
Event: 20.152 Thread 0x0000000002e84000 Exception <a 'java/lang/ClassNotFoundException': org/springframework/beans/factory/InitializingBeanCustomizer> (0x00000000e1409980) thrown at [C:\re\workspace\8-2-build-windows-amd64-cygwin\jdk8u152\9742\hotspot\src\share\vm\classfile\systemDictionary.cpp
Event: 20.152 Thread 0x0000000002e84000 Exception <a 'java/lang/ClassNotFoundException': org/springframework/beans/factory/DisposableBeanCustomizer> (0x00000000e1421ee0) thrown at [C:\re\workspace\8-2-build-windows-amd64-cygwin\jdk8u152\9742\hotspot\src\share\vm\classfile\systemDictionary.cpp, 
Event: 20.152 Thread 0x0000000002e84000 Exception <a 'java/lang/ClassNotFoundException': org/springframework/orm/jpa/EntityManagerFactoryInfoCustomizer> (0x00000000e143c068) thrown at [C:\re\workspace\8-2-build-windows-amd64-cygwin\jdk8u152\9742\hotspot\src\share\vm\classfile\systemDictionary.c
Event: 20.152 Thread 0x0000000002e84000 Exception <a 'java/lang/ArrayIndexOutOfBoundsException'> (0x00000000e143f720) thrown at [C:\re\workspace\8-2-build-windows-amd64-cygwin\jdk8u152\9742\hotspot\src\share\vm\runtime\sharedRuntime.cpp, line 605]
Event: 20.153 Thread 0x0000000002e84000 Exception <a 'java/lang/ClassNotFoundException': org/springframework/dao/support/PersistenceExceptionTranslatorCustomizer> (0x00000000e1465b28) thrown at [C:\re\workspace\8-2-build-windows-amd64-cygwin\jdk8u152\9742\hotspot\src\share\vm\classfile\systemDi

Events (10 events):
Event: 22.074 loading class org/hibernate/boot/internal/IdGeneratorInterpreterImpl$1
Event: 22.074 loading class org/hibernate/boot/internal/IdGeneratorInterpreterImpl$1 done
Event: 22.074 loading class org/hibernate/annotations/Index
Event: 22.074 loading class org/hibernate/annotations/Index done
Event: 22.074 loading class org/hibernate/mapping/Component
Event: 22.074 loading class org/hibernate/mapping/Component done
Event: 22.075 loading class org/hibernate/annotations/Table
Event: 22.075 loading class org/hibernate/annotations/Table done
Event: 22.076 loading class org/hibernate/annotations/Tables
Event: 22.076 loading class org/hibernate/annotations/Tables done


Dynamic libraries:
0x00007ff76d2b0000 - 0x00007ff76d2e7000 	C:\Program Files\Java\jdk1.8.0_152\bin\java.exe
0x00007fffe4180000 - 0x00007fffe4361000 	C:\WINDOWS\SYSTEM32\ntdll.dll
0x00007fffe17e0000 - 0x00007fffe1892000 	C:\WINDOWS\System32\KERNEL32.DLL
0x00007fffe06f0000 - 0x00007fffe0963000 	C:\WINDOWS\System32\KERNELBASE.dll
0x00007fffe18c0000 - 0x00007fffe1961000 	C:\WINDOWS\System32\ADVAPI32.dll
0x00007fffe3cd0000 - 0x00007fffe3d6e000 	C:\WINDOWS\System32\msvcrt.dll
0x00007fffe3e60000 - 0x00007fffe3ebb000 	C:\WINDOWS\System32\sechost.dll
0x00007fffe1980000 - 0x00007fffe1aa4000 	C:\WINDOWS\System32\RPCRT4.dll
0x00007fffe1c30000 - 0x00007fffe1dc0000 	C:\WINDOWS\System32\USER32.dll
0x00007fffe0b00000 - 0x00007fffe0b20000 	C:\WINDOWS\System32\win32u.dll
0x00007fffe1610000 - 0x00007fffe1638000 	C:\WINDOWS\System32\GDI32.dll
0x00007fffe0b20000 - 0x00007fffe0cb2000 	C:\WINDOWS\System32\gdi32full.dll
0x00007fffe0650000 - 0x00007fffe06ef000 	C:\WINDOWS\System32\msvcp_win.dll
0x00007fffe0550000 - 0x00007fffe064a000 	C:\WINDOWS\System32\ucrtbase.dll
0x00007fffd9810000 - 0x00007fffd9a79000 	C:\WINDOWS\WinSxS\amd64_microsoft.windows.common-controls_6595b64144ccf1df_6.0.17134.345_none_fb429a5930656358\COMCTL32.dll
0x00007fffe1dd0000 - 0x00007fffe20f3000 	C:\WINDOWS\System32\combase.dll
0x00007fffe0970000 - 0x00007fffe09ea000 	C:\WINDOWS\System32\bcryptPrimitives.dll
0x00007fffe3740000 - 0x00007fffe376d000 	C:\WINDOWS\System32\IMM32.DLL
0x0000000056470000 - 0x0000000056542000 	C:\Program Files\Java\jdk1.8.0_152\jre\bin\msvcr100.dll
0x0000000055bd0000 - 0x0000000056470000 	C:\Program Files\Java\jdk1.8.0_152\jre\bin\server\jvm.dll
0x00007fffe1dc0000 - 0x00007fffe1dc8000 	C:\WINDOWS\System32\PSAPI.DLL
0x00007fffdb130000 - 0x00007fffdb153000 	C:\WINDOWS\SYSTEM32\WINMM.dll
0x00007fffdae70000 - 0x00007fffdae7a000 	C:\WINDOWS\SYSTEM32\VERSION.dll
0x00007fffcc910000 - 0x00007fffcc919000 	C:\WINDOWS\SYSTEM32\WSOCK32.dll
0x00007fffe36d0000 - 0x00007fffe373c000 	C:\WINDOWS\System32\WS2_32.dll
0x00007fffdaf50000 - 0x00007fffdaf7a000 	C:\WINDOWS\SYSTEM32\WINMMBASE.dll
0x00007fffe15c0000 - 0x00007fffe1609000 	C:\WINDOWS\System32\cfgmgr32.dll
0x00000000593b0000 - 0x00000000593bf000 	C:\Program Files\Java\jdk1.8.0_152\jre\bin\verify.dll
0x0000000055ba0000 - 0x0000000055bc9000 	C:\Program Files\Java\jdk1.8.0_152\jre\bin\java.dll
0x0000000055b70000 - 0x0000000055b93000 	C:\Program Files\Java\jdk1.8.0_152\jre\bin\instrument.dll
0x0000000059040000 - 0x0000000059056000 	C:\Program Files\Java\jdk1.8.0_152\jre\bin\zip.dll
0x00007fffe2100000 - 0x00007fffe353f000 	C:\WINDOWS\System32\SHELL32.dll
0x00007fffe3770000 - 0x00007fffe3819000 	C:\WINDOWS\System32\shcore.dll
0x00007fffe0eb0000 - 0x00007fffe15bd000 	C:\WINDOWS\System32\windows.storage.dll
0x00007fffe3670000 - 0x00007fffe36c1000 	C:\WINDOWS\System32\shlwapi.dll
0x00007fffe0520000 - 0x00007fffe0531000 	C:\WINDOWS\System32\kernel.appcore.dll
0x00007fffe0500000 - 0x00007fffe051f000 	C:\WINDOWS\System32\profapi.dll
0x00007fffe04b0000 - 0x00007fffe04fc000 	C:\WINDOWS\System32\powrprof.dll
0x00007fffe0540000 - 0x00007fffe054a000 	C:\WINDOWS\System32\FLTLIB.DLL
0x00007fffdcb60000 - 0x00007fffdcb7a000 	C:\Program Files\JetBrains\IntelliJ IDEA 2018.2.3\bin\breakgen64.dll
0x0000000055b50000 - 0x0000000055b6a000 	C:\Program Files\Java\jdk1.8.0_152\jre\bin\net.dll
0x00007fffdf9b0000 - 0x00007fffdfa16000 	C:\WINDOWS\system32\mswsock.dll
0x00000000593a0000 - 0x00000000593ad000 	C:\Program Files\Java\jdk1.8.0_152\jre\bin\management.dll
0x0000000055b30000 - 0x0000000055b41000 	C:\Program Files\Java\jdk1.8.0_152\jre\bin\nio.dll
0x00007fffcc9f0000 - 0x00007fffcca06000 	C:\WINDOWS\system32\napinsp.dll
0x00007fffcc5e0000 - 0x00007fffcc5fa000 	C:\WINDOWS\system32\pnrpnsp.dll
0x00007fffdb400000 - 0x00007fffdb419000 	C:\WINDOWS\system32\NLAapi.dll
0x00007fffdf770000 - 0x00007fffdf82e000 	C:\WINDOWS\SYSTEM32\DNSAPI.dll
0x00007fffe3540000 - 0x00007fffe3548000 	C:\WINDOWS\System32\NSI.dll
0x00007fffdf730000 - 0x00007fffdf768000 	C:\WINDOWS\SYSTEM32\IPHLPAPI.DLL
0x00007fffcc5d0000 - 0x00007fffcc5de000 	C:\WINDOWS\System32\winrnr.dll
0x00007fffdc460000 - 0x00007fffdc475000 	C:\WINDOWS\System32\wshbth.dll
0x0000000057be0000 - 0x0000000057c06000 	C:\Program Files\Bonjour\mdnsNSP.dll
0x00007fffd0780000 - 0x00007fffd078a000 	C:\Windows\System32\rasadhlp.dll
0x00007fffd0880000 - 0x00007fffd08f2000 	C:\WINDOWS\System32\fwpuclnt.dll
0x00007fffdfe20000 - 0x00007fffdfe45000 	C:\WINDOWS\SYSTEM32\bcrypt.dll
0x00007fffdfe50000 - 0x00007fffdfe67000 	C:\WINDOWS\SYSTEM32\CRYPTSP.dll
0x00007fffdf590000 - 0x00007fffdf5c3000 	C:\WINDOWS\system32\rsaenh.dll
0x00007fffe0390000 - 0x00007fffe03b8000 	C:\WINDOWS\SYSTEM32\USERENV.dll
0x00007fffdfb60000 - 0x00007fffdfb6b000 	C:\WINDOWS\SYSTEM32\CRYPTBASE.dll
0x00007fffd9030000 - 0x00007fffd9046000 	C:\WINDOWS\SYSTEM32\dhcpcsvc6.DLL
0x00007fffd9010000 - 0x00007fffd902a000 	C:\WINDOWS\SYSTEM32\dhcpcsvc.DLL
0x00007fffdfe70000 - 0x00007fffe0039000 	C:\WINDOWS\SYSTEM32\dbghelp.dll

VM Arguments:
jvm_args: -javaagent:C:\Program Files\LogiGear\TestArchitect\binclient\agents\java\lib\ext\TAJavaLoader.jar -XX:TieredStopAtLevel=1 -Xverify:none -Dspring.output.ansi.enabled=always -Dcom.sun.management.jmxremote -Dcom.sun.management.jmxremote.port=60901 -Dcom.sun.management.jmxremote.authenticate=false -Dcom.sun.management.jmxremote.ssl=false -Djava.rmi.server.hostname=localhost -Dspring.liveBeansView.mbeanDomain -Dspring.application.admin.enabled=true -javaagent:C:\Program Files\JetBrains\IntelliJ IDEA 2018.2.3\lib\idea_rt.jar=60902:C:\Program Files\JetBrains\IntelliJ IDEA 2018.2.3\bin -Dfile.encoding=UTF-8 
java_command: com.DemoApp
java_class_path (initial): C:\Program Files\Java\jdk1.8.0_152\jre\lib\charsets.jar;C:\Program Files\Java\jdk1.8.0_152\jre\lib\deploy.jar;C:\Program Files\Java\jdk1.8.0_152\jre\lib\ext\access-bridge-64.jar;C:\Program Files\Java\jdk1.8.0_152\jre\lib\ext\cldrdata.jar;C:\Program Files\Java\jdk1.8.0_152\jre\lib\ext\dnsns.jar;C:\Program Files\Java\jdk1.8.0_152\jre\lib\ext\jaccess.jar;C:\Program Files\Java\jdk1.8.0_152\jre\lib\ext\jfxrt.jar;C:\Program Files\Java\jdk1.8.0_152\jre\lib\ext\localedata.jar;C:\Program Files\Java\jdk1.8.0_152\jre\lib\ext\nashorn.jar;C:\Program Files\Java\jdk1.8.0_152\jre\lib\ext\sunec.jar;C:\Program Files\Java\jdk1.8.0_152\jre\lib\ext\sunjce_provider.jar;C:\Program Files\Java\jdk1.8.0_152\jre\lib\ext\sunmscapi.jar;C:\Program Files\Java\jdk1.8.0_152\jre\lib\ext\sunpkcs11.jar;C:\Program Files\Java\jdk1.8.0_152\jre\lib\ext\zipfs.jar;C:\Program Files\Java\jdk1.8.0_152\jre\lib\javaws.jar;C:\Program Files\Java\jdk1.8.0_152\jre\lib\jce.jar;C:\Program Files\Java\jdk1.8.0_152\jre\lib\jfr.jar;C:\Program Files\Java\jdk1.8.0_152\jre\lib\jfxswt.jar;C:\Program Files\Java\jdk1.8.0_152\jre\lib\jsse.jar;C:\Program Files\Java\jdk1.8.0_152\jre\lib\management-agent.jar;C:\Program Files\Java\jdk1.8.0_152\jre\lib\plugin.jar;C:\Program Files\Java\jdk1.8.0_152\jre\lib\resources.jar;C:\Program Files\Java\jdk1.8.0_152\jre\lib\rt.jar;E:\HocTap\do an cnpm\webAPI\demo\target\classes;C:\Users\Phuc Pham\.m2\repository\org\springframework\boot\spring-boot-starter-data-jpa\2.0.5.RELEASE\spring-boot-starter-data-jpa-2.0.5.RELEASE.jar;C:\Users\Phuc Pham\.m2\repository\org\springframework\boot\spring-boot-starter\2.0.5.RELEASE\spring-boot-starter-2.0.5.RELEASE.jar;C:\Users\Phuc Pham\.m2\repository\org\springframework\boot\spring-boot\2.0.5.RELEASE\spring-boot-2.0.5.RELEASE.jar;C:\Users\Phuc Pham\.m2\repository\org\springframework\boot\spring-boot-autoconfigure\2.0.5.RELEASE\spring-boot-autoconfigure-2.0.5.RELEASE.jar;C:\Users\Phuc Pham\.m2\repository\org\springframework\boot\spri
Launcher Type: SUN_STANDARD

Environment Variables:
JAVA_TOOL_OPTIONS=-javaagent:"C:\Program Files\LogiGear\TestArchitect\binclient\agents\java\lib\ext\TAJavaLoader.jar"
PATH=C:\ProgramData\Oracle\Java\javapath;C:\Program Files (x86)\Java\jre1.8.0_65\bin;C:\Program Files\Java\jdk1.8.0_65\bin;C:\Users\Phuc Pham\.dnx\bin;C:\Program Files\Microsoft DNX\Dnvm\;C:\WINDOWS\system32;C:\WINDOWS;C:\WINDOWS\System32\Wbem;C:\WINDOWS\System32\WindowsPowerShell\v1.0\;C:\Program Files (x86)\Windows Kits\8.1\Windows Performance Toolkit\;C:\Program Files\MATLAB\MATLAB Compiler Runtime\v83\runtime\win64;D:\tool\runtime\win64;D:\tool\bin;D:\tool\polyspace\bin;C:\Program Files\Microsoft SQL Server\Client SDK\ODBC\110\Tools\Binn\;C:\Program Files (x86)\Microsoft SQL Server\120\Tools\Binn\;C:\Program Files\Microsoft SQL Server\120\Tools\Binn\;C:\Program Files\Microsoft SQL Server\120\DTS\Binn\;C:\Program Files (x86)\Microsoft SQL Server\120\Tools\Binn\ManagementStudio\;C:\Program Files (x86)\Microsoft SQL Server\120\DTS\Binn\;C:\Program Files\nodejs\;D:\GIT\Git\cmd;C:\HashiCorp\Vagrant\bin;C:\WINDOWS\System32\OpenSSH\;C:\Program Files\LogiGear\TestArchitect\binclient;C:\Users\Phuc Pham\AppData\Local\Programs\Python\Python37-32\Scripts\;C:\Users\Phuc Pham\AppData\Local\Programs\Python\Python37-32\;C:\Users\Phuc Pham\AppData\Local\Microsoft\WindowsApps;C:\Users\Phuc Pham\AppData\Roaming\npm;C:\Program Files\LogiGear\TestArchitect\binclient
USERNAME=Phuc Pham
OS=Windows_NT
PROCESSOR_IDENTIFIER=Intel64 Family 6 Model 60 Stepping 3, GenuineIntel



---------------  S Y S T E M  ---------------

OS: Windows 10.0 , 64 bit Build 17134 (10.0.17134.1)

CPU:total 4 (initial active 4) (2 cores per cpu, 2 threads per core) family 6 model 60 stepping 3, cmov, cx8, fxsr, mmx, sse, sse2, sse3, ssse3, sse4.1, sse4.2, popcnt, avx, avx2, aes, clmul, erms, lzcnt, ht, tsc, tscinvbit, bmi1, bmi2

Memory: 4k page, physical 6171668k(395724k free), swap 10267668k(2196k free)

vm_info: Java HotSpot(TM) 64-Bit Server VM (25.152-b16) for windows-amd64 JRE (1.8.0_152-b16), built on Sep 14 2017 02:29:36 by "java_re" with MS VC++ 10.0 (VS2010)

time: Sun Oct 28 16:24:19 2018
elapsed time: 22 seconds (0d 0h 0m 22s)

